<?xml version="1.0" encoding="UTF-8"?>
<testng-results skipped="0" failed="0" total="1" passed="1">
  <reporter-output>
  </reporter-output>
  <suite name="Suite" duration-ms="19795" started-at="2017-07-15T04:38:42Z" finished-at="2017-07-15T04:39:01Z">
    <groups>
    </groups>
    <test name="SelTest" duration-ms="19795" started-at="2017-07-15T04:38:42Z" finished-at="2017-07-15T04:39:01Z">
      <class name="org.sel.com.SeleniumDemo">
        <test-method status="PASS" signature="testSeleniumDemo()[pri:0, instance:org.sel.com.SeleniumDemo@1324409e]" name="testSeleniumDemo" duration-ms="19777" started-at="2017-07-15T10:08:42Z" finished-at="2017-07-15T10:09:01Z">
          <reporter-output>
          </reporter-output>
        </test-method> <!-- testSeleniumDemo -->
      </class> <!-- org.sel.com.SeleniumDemo -->
    </test> <!-- SelTest -->
  </suite> <!-- Suite -->
</testng-results>
